POWERSHELL_DISTRIBUTION_CHANNEL=MSI:Windows Server 2019 Datacenter
LOGNAME=bp1113
PROMPT=$P$G
dotnet_dir=C:/Users/bp1113/Desktop/tModLoader/dotnet
HOMEPATH=/Users/bp1113
COMMONPROGRAMFILES_X86_=C:/Program Files (x86)/Common Files
COMMONPROGRAMW6432=C:/Program Files/Common Files
PROGRAMFILES_X86_=C:/Program Files (x86)
dotnet_version=6.0.14
PROGRAMDATA=C:/ProgramData
FPS_BROWSER_APP_PROFILE_STRING=Internet Explorer
COMMONPROGRAMFILES(X86)=C:/Program Files (x86)/Common Files
TEMP=C:/Users/bp1113/AppData/Local/Temp/2
USERNAME=bp1113
USERDOMAIN_ROAMINGPROFILE=INSTANCE1
USER=bp1113
OS=Windows_NT
PATH=C:/Users/bp1113/Desktop/tModLoader/Libraries/Native/Windows;C:/Windows/system32;C:/Windows;C:/Windows/System32/Wbem;C:/Windows/System32/WindowsPowerShell/v1.0/;C:/Windows/System32/OpenSSH/;C:/ProgramData/GooGet;C:/Program Files/Google/Compute Engine/metadata_scripts;C:/Program Files (x86)/Google/Cloud SDK/google-cloud-sdk/bin;C:/Program Files/PowerShell/7/;C:/Program Files/Google/Compute Engine/sysprep;C:/Program Files/Git/cmd;C:/Program Files/dotnet/;C:/Users/bp1113/AppData/Local/Microsoft/WindowsApps;C:/Users/bp1113/AppData/Local/GitHubDesktop/bin;C:/Users/bp1113/.dotnet/tools
ALLUSERSPROFILE=C:/ProgramData
PROCESSOR_REVISION=4f00
PROGRAMFILES=C:/Program Files
HOME=C:/Users/bp1113
COMPUTERNAME=INSTANCE1
WINDOWS_MAJOR=10
DRIVERDATA=C:/Windows/System32/Drivers/DriverData
PROCESSOR_IDENTIFIER=Intel64 Family 6 Model 79 Stepping 0, GenuineIntel
USERDOMAIN=INSTANCE1
SYSTEMDRIVE=C:
FNA_WORKAROUND_WINDOW_RESIZABLE=1
PSMODULEPATH=C:/Program Files/WindowsPowerShell/Modules;C:/Windows/system32/WindowsPowerShell/v1.0/Modules;C:/Program Files (x86)/Google/Cloud SDK/google-cloud-sdk/platform/PowerShell
WINDOWS_MINOR=0
BB_GLOBBING=0
GOOGETROOT=C:/ProgramData/GooGet
SESSIONNAME=RDP-Tcp#2
PATHEXT=.COM;.EXE;.BAT;.CMD;.VBS;.VBE;.JS;.JSE;.WSF;.WSH;.MSC
COMMONPROGRAMFILES=C:/Program Files/Common Files
PROGRAMW6432=C:/Program Files
FPS_BROWSER_USER_PROFILE_STRING=Default
PROGRAMFILES(X86)=C:/Program Files (x86)
NUMBER_OF_PROCESSORS=1
HOMEDRIVE=C:
TMP=C:/Users/bp1113/AppData/Local/Temp/2
APPDATA=C:/Users/bp1113/AppData/Roaming
CLIENTNAME=V2043
install_dir=C:/Users/bp1113/Desktop/tModLoader/dotnet/6.0.14
OLDPWD=C:/Users/bp1113/Desktop/tModLoader/LaunchUtils
USERPROFILE=C:/Users/bp1113
DOTNET_ROLL_FORWARD=Disable
WINDIR=C:\Windows
PWD=C:/Users/bp1113/Desktop/tModLoader
SHLVL=2
LOGONSERVER=//INSTANCE1
SYSTEMROOT=C:\Windows
LOCALAPPDATA=C:/Users/bp1113/AppData/Local
COMSPEC=C:\Windows\system32\cmd.exe
SHELL=/bin/sh
PUBLIC=C:/Users/Public
PROCESSOR_ARCHITECTURE=AMD64
PROCESSOR_LEVEL=6
