[05:53:21.513] [Main Thread/INFO] [tML]: Starting tModLoader server 1.4.4.9+2023.10.3.0|2023.10|stable|Stable|23aa262bde1ae5440cf2b05b2f676feb787cdc95|5250055878079335727 built 12/1/2023 7:06 AM
[05:53:21.557] [Main Thread/INFO] [tML]: Log date: 12/18/2023
[05:53:21.558] [Main Thread/INFO] [tML]: Running on Windows (v10.0.17763.0) X64 NetCore 6.0.14
[05:53:21.560] [Main Thread/INFO] [tML]: FrameworkDescription: .NET 6.0.14
[05:53:21.561] [Main Thread/INFO] [tML]: Executable: C:\Users\bp1113\Desktop\tModLoader\tModLoader.dll
[05:53:21.561] [Main Thread/INFO] [tML]: Working Directory: C:\Users\bp1113\Desktop\tModLoader
[05:53:21.562] [Main Thread/INFO] [tML]: Launch Parameters: -server -config serverconfig.txt
[05:53:21.565] [Main Thread/INFO] [tML]: Parsed Launch Parameters: -server -config serverconfig.txt
[05:53:24.251] [Main Thread/INFO] [tML]: No config.json found at C:/Users/bp1113\Documents\My Games\Terraria\tModLoader\config.json
Assuming nothing to port
[05:53:24.251] [Main Thread/INFO] [tML]: Saves Are Located At: C:\Users\bp1113\Documents\My Games\Terraria\tModLoader
[05:53:26.093] [Main Thread/INFO] [tML]: Distribution Platform: Steam. Detection method: Terraria.exe or Terraria_v1.4.4.9.exe not found nearby
[05:53:27.427] [Main Thread/INFO] [tML]: Current 1281930 Workshop Folder Directory: steamapps\workshop
[05:53:29.744] [Main Thread/DEBUG] [tML]: Network compatibility version is 2023.10.3
[05:53:35.620] [Main Thread/INFO] [tML]: Finding Mods...
[05:53:35.675] [Main Thread/INFO] [tML]: Sandboxing: CalamityMod (Calamity Mod) v2.0.3.7
[05:53:38.570] [Main Thread/INFO] [tML]: Sandboxing: CalamityModMusic (Calamity Mod Music) v2.0.3.7
[05:53:38.701] [Main Thread/INFO] [tML]: Sandboxing: AlchemistNPCLite (AlchemistNPC Lite) v1.9.4
[05:53:39.145] [Main Thread/INFO] [tML]: Sandboxing: HEROsMod (HERO's Mod) v0.4.14.1
[05:53:39.303] [Main Thread/INFO] [tML]: Sandboxing: SubworldLibrary (Subworld Library) v2.2.1.2
[05:53:39.489] [Main Thread/INFO] [tML]: Sandboxing: InfernumMode (Calamity Mod Infernum Mode) v1.9.35
[05:53:39.979] [Main Thread/INFO] [tML]: Sandboxing: SerousCommonLib (absoluteAquarian Utilities) v1.0.5
[05:53:40.165] [Main Thread/INFO] [tML]: Sandboxing: MagicStorage (Magic Storage) v0.6.0.3
[05:53:40.429] [Main Thread/INFO] [tML]: Sandboxing: OreExcavator (Ore Excavator (1.4.3/1.4.4 Veinminer)) v0.8.7
[05:53:40.669] [Main Thread/INFO] [tML]: Sandboxing: RecipeBrowser (Recipe Browser) v0.10.3
[05:53:40.999] [Main Thread/INFO] [tML]: Constructing Mods...
[05:53:41.798] [Main Thread/INFO] [tML]: Adding Content: ModLoader (tModLoader) v2023.10.3.0
[05:53:42.031] [Main Thread/INFO] [tML]: Adding Content: CalamityMod (Calamity Mod) v2.0.3.7
[05:54:16.238] [Main Thread/DEBUG] [tML]: Hook Terraria.Player::KeyDoubleTap(int) added by CalamityMod
[05:54:16.300] [Main Thread/DEBUG] [tML]: Hook Terraria.Player::QuickMount() added by CalamityMod
[05:54:16.368] [Main Thread/DEBUG] [tML]: Hook Terraria.Player::dropItemCheck() added by CalamityMod
[05:54:16.445] [Main Thread/DEBUG] [tML]: Hook Terraria.UI.ItemSlot::LeftClick(Item[], int, int) added by CalamityMod
[05:54:16.516] [Main Thread/DEBUG] [tML]: Hook Terraria.UI.ItemSlot::Draw(SpriteBatch, Item[], int, int, Vector2, Color) added by CalamityMod
[05:54:16.519] [Main Thread/DEBUG] [tML]: Hook Terraria.Player::KeyDoubleTap(int) added by CalamityMod
[05:54:16.523] [Main Thread/DEBUG] [tML]: Hook Terraria.Main::DrawPendingMouseText() added by CalamityMod
[05:54:16.572] [Main Thread/DEBUG] [tML]: Hook Terraria.Item::CanFillEmptyAmmoSlot() added by CalamityMod
[05:54:17.608] [Main Thread/DEBUG] [tML]: Hook Terraria.Main::DrawProjectiles() added by CalamityMod
[05:54:17.630] [Main Thread/DEBUG] [tML]: Hook Terraria.Main::DrawNPCs(bool) added by CalamityMod
[05:54:17.786] [Main Thread/DEBUG] [tML]: ILHook Terraria.Main::DoDraw(GameTime) added by CalamityMod
[05:54:17.802] [Main Thread/DEBUG] [tML]: Hook Terraria.Main::DrawGore() added by CalamityMod
[05:54:17.816] [Main Thread/DEBUG] [tML]: Hook Terraria.Main::DrawCursor(Vector2, bool) added by CalamityMod
[05:54:17.819] [Main Thread/DEBUG] [tML]: Hook Terraria.Main::SortDrawCacheWorms() added by CalamityMod
[05:54:17.829] [Main Thread/DEBUG] [tML]: Hook Terraria.Main::DrawInfernoRings() added by CalamityMod
[05:54:17.889] [Main Thread/DEBUG] [tML]: Hook Terraria.GameContent.Drawing.TileDrawing::DrawPartialLiquid(bool, Tile, ref Vector2, ref Rectangle, int, ref VertexColors) added by CalamityMod
[05:54:17.965] [Main Thread/DEBUG] [tML]: Hook Terraria.WaterfallManager::DrawWaterfall(int, int, int, float, Vector2, Rectangle, Color, SpriteEffects) added by CalamityMod
[05:54:18.016] [Main Thread/DEBUG] [tML]: ILHook Terraria.GameContent.Liquid.LiquidRenderer::DrawNormalLiquids(SpriteBatch, Vector2, int, float, bool) added by CalamityMod
[05:54:18.073] [Main Thread/DEBUG] [tML]: ILHook Terraria.Main::oldDrawWater(bool, int, float) added by CalamityMod
[05:54:18.105] [Main Thread/DEBUG] [tML]: Hook Terraria.Graphics.Light.TileLightScanner::GetTileLight(int, int, out Vector3) added by CalamityMod
[05:54:18.110] [Main Thread/DEBUG] [tML]: Hook Terraria.GameContent.Drawing.TileDrawing::PreDrawTiles(bool, bool, bool) added by CalamityMod
[05:54:18.134] [Main Thread/DEBUG] [tML]: Hook Terraria.GameContent.Drawing.TileDrawing::Draw(bool, bool, bool, int) added by CalamityMod
[05:54:18.140] [Main Thread/DEBUG] [tML]: Hook Terraria.GameContent.ItemDropRules.CommonCode::ModifyItemDropFromNPC(NPC, int) added by CalamityMod
[05:54:18.141] [Main Thread/DEBUG] [tML]: Hook Terraria.Main::DrawInfernoRings() added by CalamityMod
[05:54:18.143] [Main Thread/DEBUG] [tML]: Hook Terraria.Main::DrawInfernoRings() added by CalamityMod
[05:54:18.144] [Main Thread/DEBUG] [tML]: Hook Terraria.Main::DrawInfernoRings() added by CalamityMod
[05:54:18.145] [Main Thread/DEBUG] [tML]: Hook Terraria.Main::DrawInfernoRings() added by CalamityMod
[05:54:18.236] [Main Thread/DEBUG] [tML]: ILHook Terraria.Main::UpdateTime() added by CalamityMod
[05:54:18.263] [Main Thread/DEBUG] [tML]: Hook Terraria.Main::UpdateTime_SpawnTownNPCs() added by CalamityMod
[05:54:18.267] [Main Thread/DEBUG] [tML]: Hook Terraria.NPC::ShouldEmpressBeEnraged() added by CalamityMod
[05:54:18.272] [Main Thread/DEBUG] [tML]: ILHook Terraria.Player::CollectTaxes() added by CalamityMod
[05:54:18.442] [Main Thread/DEBUG] [tML]: ILHook Terraria.Projectile::Damage() added by CalamityMod
[05:54:18.448] [Main Thread/DEBUG] [tML]: Hook Terraria.NPC::ApplyTileCollision(bool, Vector2, int, int) added by CalamityMod
[05:54:18.528] [Main Thread/DEBUG] [tML]: ILHook Terraria.Player::ApplyEquipFunctional(Item, bool) added by CalamityMod
[05:54:18.585] [Main Thread/DEBUG] [tML]: ILHook Terraria.Player::Hurt(PlayerDeathReason, int, int, out HurtInfo, bool, bool, int, bool, float, float, float) added by CalamityMod
[05:54:18.633] [Main Thread/DEBUG] [tML]: ILHook Terraria.Player::DashMovement() added by CalamityMod
[05:54:18.639] [Main Thread/DEBUG] [tML]: Hook Terraria.Player::DoCommonDashHandle(out int, out bool, DashStartAction) added by CalamityMod
[05:54:18.642] [Main Thread/DEBUG] [tML]: ILHook Terraria.Player::GiveImmuneTimeForCollisionAttack(int) added by CalamityMod
[05:54:18.658] [Main Thread/DEBUG] [tML]: ILHook Terraria.Player::Update_NPCCollision() added by CalamityMod
[05:54:18.770] [Main Thread/DEBUG] [tML]: Hook Terraria.WorldGen::OpenDoor(int, int, int) added by CalamityMod
[05:54:18.780] [Main Thread/DEBUG] [tML]: Hook Terraria.WorldGen::CloseDoor(int, int, bool) added by CalamityMod
[05:54:18.785] [Main Thread/DEBUG] [tML]: Hook Terraria.Item::AffixName() added by CalamityMod
[05:54:18.800] [Main Thread/DEBUG] [tML]: Hook Terraria.Projectile::NewProjectile(IEntitySource, float, float, float, float, int, int, float, int, float, float, float) added by CalamityMod
[05:54:18.808] [Main Thread/DEBUG] [tML]: Hook Terraria.NPC::Collision_DecideFallThroughPlatforms() added by CalamityMod
[05:54:18.916] [Main Thread/DEBUG] [tML]: ILHook Terraria.Wiring::HitWireSingle(int, int) added by CalamityMod
[05:54:18.928] [Main Thread/DEBUG] [tML]: Hook Terraria.Player::UpdateItemDye(bool, bool, Item, Item) added by CalamityMod
[05:54:18.934] [Main Thread/DEBUG] [tML]: ILHook Terraria.Player::ApplyLifeAndOrMana(Item) added by CalamityMod
[05:54:18.948] [Main Thread/DEBUG] [tML]: Hook Terraria.Player::GrappleMovement() added by CalamityMod
[05:54:18.953] [Main Thread/DEBUG] [tML]: Hook Terraria.Player::UpdatePettingAnimal() added by CalamityMod
[05:54:19.026] [Main Thread/DEBUG] [tML]: Hook Terraria.Player::PlayerFrame() added by CalamityMod
[05:54:19.030] [Main Thread/DEBUG] [tML]: Hook Terraria.Player::SlopeDownMovement() added by CalamityMod
[05:54:19.034] [Main Thread/DEBUG] [tML]: Hook Terraria.Main::DamageVar(float, int, float) added by CalamityMod
[05:54:19.038] [Main Thread/DEBUG] [tML]: ILHook Terraria.NPC::ScaleStats_ApplyExpertTweaks() added by CalamityMod
[05:54:19.348] [Main Thread/DEBUG] [tML]: ILHook Terraria.Projectile::AI_001() added by CalamityMod
[05:54:19.376] [Main Thread/DEBUG] [tML]: ILHook Terraria.Projectile::AI_099_2() added by CalamityMod
[05:54:19.578] [Main Thread/DEBUG] [tML]: ILHook Terraria.Player::UpdateBuffs(int) added by CalamityMod
[05:54:19.584] [Main Thread/DEBUG] [tML]: ILHook Terraria.Player::UpdateJumpHeight() added by CalamityMod
[05:54:19.950] [Main Thread/DEBUG] [tML]: ILHook Terraria.Player::Update(int) added by CalamityMod
[05:54:20.081] [Main Thread/DEBUG] [tML]: ILHook Terraria.Player::Update(int) added by CalamityMod
[05:54:20.216] [Main Thread/DEBUG] [tML]: ILHook Terraria.Player::Update(int) added by CalamityMod
[05:54:20.224] [Main Thread/DEBUG] [tML]: ILHook Terraria.Player::WingMovement() added by CalamityMod
[05:54:20.247] [Main Thread/DEBUG] [tML]: ILHook Terraria.Player::UpdateLifeRegen() added by CalamityMod
[05:54:20.423] [Main Thread/DEBUG] [tML]: ILHook Terraria.Player::Update(int) added by CalamityMod
[05:54:20.431] [Main Thread/DEBUG] [tML]: ILHook Terraria.Player::UpdateManaRegen() added by CalamityMod
[05:54:20.442] [Main Thread/DEBUG] [tML]: ILHook Terraria.Projectile::StatusPlayer(int) added by CalamityMod
[05:54:20.482] [Main Thread/DEBUG] [tML]: ILHook Terraria.WorldGen::Pyramid(int, int) added by CalamityMod
[05:54:20.534] [Main Thread/DEBUG] [tML]: ILHook Terraria.WorldGen::GrowLivingTree(int, int, bool) added by CalamityMod
[05:54:20.545] [Main Thread/DEBUG] [tML]: Hook Terraria.WorldGen::SmashAltar(int, int) added by CalamityMod
[05:54:20.609] [Main Thread/DEBUG] [tML]: ILHook Terraria.WorldGen::hardUpdateWorld(int, int) added by CalamityMod
[05:54:20.614] [Main Thread/DEBUG] [tML]: ILHook Terraria.WorldGen::Chlorophyte(int, int) added by CalamityMod
[05:54:20.622] [Main Thread/DEBUG] [tML]: ILHook Terraria.GameContent.UI.States.UIWorldCreation::SetDefaultOptions() added by CalamityMod
[05:54:20.631] [Main Thread/DEBUG] [tML]: ILHook Terraria.GameContent.UI.States.UIWorldCreation::AddWorldSizeOptions(UIElement, float, MouseEvent, string, float) added by CalamityMod
[05:54:20.636] [Main Thread/DEBUG] [tML]: Hook Terraria.IO.WorldFile::ClearTempTiles() added by CalamityMod
[05:54:20.710] [Main Thread/DEBUG] [tML]: Hook Terraria.WorldGen::MakeDungeon(int, int) added by CalamityMod
[05:54:20.738] [Main Thread/DEBUG] [tML]: ILHook Terraria.WorldGen::DungeonHalls(int, int, ushort, int, bool) added by CalamityMod
[05:54:20.777] [Main Thread/DEBUG] [tML]: ILHook Terraria.WorldGen::MakeDungeon(int, int) added by CalamityMod
[05:54:20.851] [Main Thread/DEBUG] [tML]: ILHook Terraria.Player::UpdateBuffs(int) added by CalamityMod
[05:54:20.856] [Main Thread/DEBUG] [tML]: ILHook Terraria.GameContent.Events.Sandstorm::HasSufficientWind() added by CalamityMod
[05:54:20.863] [Main Thread/DEBUG] [tML]: ILHook Terraria.Item::TryGetPrefixStatMultipliersForItem(int, out float, out float, out float, out float, out float, out float, out int) added by CalamityMod
[05:54:20.872] [Main Thread/DEBUG] [tML]: Hook Terraria.NPC::SlimeRainSpawns(int) added by CalamityMod
[05:54:20.875] [Main Thread/DEBUG] [tML]: Hook Terraria.Item::CanShimmer() added by CalamityMod
[05:54:20.879] [Main Thread/DEBUG] [tML]: ILHook Terraria.Projectile::CanExplodeTile(int, int) added by CalamityMod
[05:54:20.885] [Main Thread/DEBUG] [tML]: ILHook Terraria.Main::UpdateWindyDayState() added by CalamityMod
[05:54:20.900] [Main Thread/DEBUG] [tML]: ILHook Terraria.Main::UpdateTime_StartNight(ref bool) added by CalamityMod
[05:54:20.906] [Main Thread/DEBUG] [tML]: ILHook Terraria.WorldGen::AttemptFossilShattering(int, int, Tile, bool) added by CalamityMod
[05:54:20.920] [Main Thread/DEBUG] [tML]: Hook Terraria.Player::GetPickaxeDamage(int, int, int, int, Tile) added by CalamityMod
[05:54:20.927] [Main Thread/DEBUG] [tML]: Hook Terraria.Player::GetAnglerReward(NPC, int) added by CalamityMod
[05:54:20.935] [Main Thread/DEBUG] [tML]: ILHook Terraria.NPC::NPCLoot() added by CalamityMod
[05:54:21.098] [Main Thread/INFO] [tML]: Adding Content: CalamityModMusic (Calamity Mod Music) v2.0.3.7
[05:54:21.236] [Main Thread/INFO] [tML]: Adding Content: AlchemistNPCLite (AlchemistNPC Lite) v1.9.4
[05:54:21.678] [Main Thread/DEBUG] [tML]: Assembly Resolve: AlchemistNPCLite, Version=0.0.0.0, Culture=neutral, PublicKeyToken=null -> Redemption, Version=0.0.0.0, Culture=neutral, PublicKeyToken=null
[05:54:21.863] [Main Thread/DEBUG] [tML]: Assembly Resolve: AlchemistNPCLite, Version=0.0.0.0, Culture=neutral, PublicKeyToken=null -> Redemption, Version=0.0.0.0, Culture=neutral, PublicKeyToken=null
[05:54:21.864] [Main Thread/DEBUG] [tML]: Assembly Resolve: AlchemistNPCLite, Version=0.0.0.0, Culture=neutral, PublicKeyToken=null -> Redemption, Version=0.0.0.0, Culture=neutral, PublicKeyToken=null
[05:54:21.865] [Main Thread/DEBUG] [tML]: Assembly Resolve: AlchemistNPCLite, Version=0.0.0.0, Culture=neutral, PublicKeyToken=null -> Redemption, Version=0.0.0.0, Culture=neutral, PublicKeyToken=null
[05:54:21.865] [Main Thread/DEBUG] [tML]: Assembly Resolve: AlchemistNPCLite, Version=0.0.0.0, Culture=neutral, PublicKeyToken=null -> Redemption, Version=0.0.0.0, Culture=neutral, PublicKeyToken=null
[05:54:21.866] [Main Thread/DEBUG] [tML]: Assembly Resolve: AlchemistNPCLite, Version=0.0.0.0, Culture=neutral, PublicKeyToken=null -> Redemption, Version=0.0.0.0, Culture=neutral, PublicKeyToken=null
[05:54:21.867] [Main Thread/DEBUG] [tML]: Assembly Resolve: AlchemistNPCLite, Version=0.0.0.0, Culture=neutral, PublicKeyToken=null -> Redemption, Version=0.0.0.0, Culture=neutral, PublicKeyToken=null
[05:54:21.867] [Main Thread/DEBUG] [tML]: Assembly Resolve: AlchemistNPCLite, Version=0.0.0.0, Culture=neutral, PublicKeyToken=null -> Redemption, Version=0.0.0.0, Culture=neutral, PublicKeyToken=null
[05:54:21.868] [Main Thread/DEBUG] [tML]: Assembly Resolve: AlchemistNPCLite, Version=0.0.0.0, Culture=neutral, PublicKeyToken=null -> Redemption, Version=0.0.0.0, Culture=neutral, PublicKeyToken=null
[05:54:21.869] [Main Thread/DEBUG] [tML]: Assembly Resolve: AlchemistNPCLite, Version=0.0.0.0, Culture=neutral, PublicKeyToken=null -> Redemption, Version=0.0.0.0, Culture=neutral, PublicKeyToken=null
[05:54:21.869] [Main Thread/DEBUG] [tML]: Assembly Resolve: AlchemistNPCLite, Version=0.0.0.0, Culture=neutral, PublicKeyToken=null -> Redemption, Version=0.0.0.0, Culture=neutral, PublicKeyToken=null
[05:54:21.912] [Main Thread/WARN] [tML]: AlchemistNPCLite.Items.Placeable.MateriaTransmutatorMK2 has reference fields (Calamity) that may not be safe to share between clones.
For deep-cloning, add a custom Clone override and make proper copies of these fields. If shallow (memberwise) cloning is acceptable, mark the fields with [CloneByReference] or properties with [field: CloneByReference]
[05:54:21.997] [Main Thread/INFO] [tML]: Adding Content: HEROsMod (HERO's Mod) v0.4.14.1
[05:54:22.639] [Main Thread/DEBUG] [tML]: Hook Terraria.Player::ChatColor() added by HEROsMod
[05:54:22.666] [Main Thread/DEBUG] [tML]: Hook Terraria.NPC::SpawnOnPlayer(int, int) added by HEROsMod
[05:54:22.803] [Main Thread/INFO] [tML]: Adding Content: SubworldLibrary (Subworld Library) v2.2.1.2
[05:54:22.937] [Main Thread/DEBUG] [tML]: ILHook Terraria.Main::DedServ_PostModLoad(out bool) added by SubworldLibrary
[05:54:22.951] [Main Thread/DEBUG] [tML]: ILHook Terraria.NetMessage::CheckBytes(int) added by SubworldLibrary
[05:54:22.956] [Main Thread/DEBUG] [tML]: ILHook Terraria.Net.Sockets.SocialSocket::Terraria.Net.Sockets.ISocket.AsyncSend(Byte[], int, int, SocketSendCallback, object) added by SubworldLibrary
[05:54:22.969] [Main Thread/DEBUG] [tML]: ILHook Terraria.Net.Sockets.TcpSocket::Terraria.Net.Sockets.ISocket.AsyncSend(Byte[], int, int, SocketSendCallback, object) added by SubworldLibrary
[05:54:22.972] [Main Thread/ERROR] [SubworldLibrary]: FAILED:
[05:54:22.976] [Main Thread/DEBUG] [tML]: ILHook Terraria.Netplay::UpdateConnectedClients() added by SubworldLibrary
[05:54:22.983] [Main Thread/DEBUG] [tML]: ILHook Terraria.Main::EraseWorld(int) added by SubworldLibrary
[05:54:23.033] [Main Thread/DEBUG] [tML]: ILHook Terraria.Main::DoUpdateInWorld(Stopwatch) added by SubworldLibrary
[05:54:23.036] [Main Thread/DEBUG] [tML]: ILHook Terraria.WorldGen::UpdateWorld() added by SubworldLibrary
[05:54:23.178] [Main Thread/DEBUG] [tML]: ILHook Terraria.Player::Update(int) added by SubworldLibrary
[05:54:23.183] [Main Thread/DEBUG] [tML]: ILHook Terraria.NPC::UpdateNPC_UpdateGravity() added by SubworldLibrary
[05:54:23.221] [Main Thread/DEBUG] [tML]: ILHook Terraria.Liquid::Update() added by SubworldLibrary
[05:54:23.227] [Main Thread/DEBUG] [tML]: ILHook Terraria.Player::SavePlayer(PlayerFileData, bool) added by SubworldLibrary
[05:54:23.231] [Main Thread/DEBUG] [tML]: ILHook Terraria.IO.WorldFile::SaveWorld(bool, bool) added by SubworldLibrary
[05:54:23.391] [Main Thread/INFO] [tML]: Adding Content: InfernumMode (Calamity Mod Infernum Mode) v1.9.35
[05:54:26.853] [Main Thread/DEBUG] [tML]: Hook Terraria.Main::CheckMonoliths() added by InfernumMode
[05:54:26.857] [Main Thread/DEBUG] [tML]: Hook Terraria.Main::DoDraw_DrawNPCsOverTiles() added by InfernumMode
[05:54:26.868] [Main Thread/DEBUG] [tML]: Hook Terraria.Graphics.Effects.FilterManager::EndCapture(RenderTarget2D, RenderTarget2D, RenderTarget2D, Color) added by InfernumMode
[05:54:26.899] [Main Thread/DEBUG] [tML]: Hook Terraria.GameContent.Liquid.LiquidRenderer::DrawNormalLiquids(SpriteBatch, Vector2, int, float, bool) added by InfernumMode
[05:54:26.912] [Main Thread/WARN] [tML]: InfernumMode.Content.Items.Accessories.SakuraBloom has reference fields (loveSparkles, memorySparkles) that may not be safe to share between clones.
For deep-cloning, add a custom Clone override and make proper copies of these fields. If shallow (memberwise) cloning is acceptable, mark the fields with [CloneByReference] or properties with [field: CloneByReference]
[05:54:26.952] [Main Thread/DEBUG] [tML]: Hook Terraria.Graphics.Shaders.ArmorShaderData::Apply(Entity, Nullable`1) added by InfernumMode
[05:54:26.954] [Main Thread/WARN] [tML]: InfernumMode.Content.Items.Misc.SakuraBud has reference fields (spiritSparkles, waterSparkles) that may not be safe to share between clones.
For deep-cloning, add a custom Clone override and make proper copies of these fields. If shallow (memberwise) cloning is acceptable, mark the fields with [CloneByReference] or properties with [field: CloneByReference]
[05:54:27.100] [Main Thread/DEBUG] [tML]: Hook Terraria.WorldGen::ShakeTree(int, int) added by InfernumMode
[05:54:27.194] [Main Thread/DEBUG] [tML]: Hook Terraria.Main::DrawProjectiles() added by InfernumMode
[05:54:27.198] [Main Thread/DEBUG] [tML]: Hook Terraria.GameContent.Events.MoonlordDeathDrama::DrawWhite(SpriteBatch) added by InfernumMode
[05:54:27.199] [Main Thread/DEBUG] [tML]: Hook Terraria.Main::DrawProjectiles() added by InfernumMode
[05:54:27.201] [Main Thread/DEBUG] [tML]: Hook Terraria.Graphics.Effects.FilterManager::EndCapture(RenderTarget2D, RenderTarget2D, RenderTarget2D, Color) added by InfernumMode
[05:54:27.202] [Main Thread/DEBUG] [tML]: Hook Terraria.Main::DrawNPCs(bool) added by InfernumMode
[05:54:27.337] [Main Thread/DEBUG] [tML]: ILHook CalamityMod.UI.DraedonSummoning.ExoMechSelectionUI::Draw() added by InfernumMode
[05:54:27.338] [Main Thread/DEBUG] [tML]: Hook Terraria.Player::UpdateItemDye(bool, bool, Item, Item) added by InfernumMode
[05:54:27.340] [Main Thread/DEBUG] [tML]: Hook Terraria.Graphics.Light.TileLightScanner::GetTileLight(int, int, out Vector3) added by InfernumMode
[05:54:27.353] [Main Thread/DEBUG] [tML]: Hook Terraria.Main::DrawUnderworldBackgroudLayer(bool, Vector2, float, int) added by InfernumMode
[05:54:27.359] [Main Thread/DEBUG] [tML]: ILHook Terraria.Projectile::NewProjectile(IEntitySource, float, float, float, float, int, int, float, int, float, float, float) added by InfernumMode
[05:54:27.363] [Main Thread/DEBUG] [tML]: Hook Terraria.GameContent.Drawing.TileDrawing::Update() added by InfernumMode
[05:54:27.590] [Main Thread/INFO] [tML]: Adding Content: SerousCommonLib (absoluteAquarian Utilities) v1.0.5
[05:54:27.703] [Main Thread/DEBUG] [tML]: Hook Terraria.ModLoader.TileLoader::NearbyEffects(int, int, int, bool) added by SerousCommonLib
[05:54:27.782] [Main Thread/INFO] [tML]: Adding Content: MagicStorage (Magic Storage) v0.6.0.3
[05:54:28.205] [Main Thread/DEBUG] [tML]: Hook Terraria.Recipe::FindRecipes(bool) added by MagicStorage
[05:54:28.209] [Main Thread/DEBUG] [tML]: Hook Terraria.Player::QuickSpawnItem(IEntitySource, int, int) added by MagicStorage
[05:54:28.215] [Main Thread/DEBUG] [tML]: Hook Terraria.Main::DrawInterface_36_Cursor() added by MagicStorage
[05:54:28.220] [Main Thread/DEBUG] [tML]: Hook Terraria.UI.ItemSlot::MouseHover(Item[], int, int) added by MagicStorage
[05:54:28.221] [Main Thread/DEBUG] [tML]: Hook Terraria.UI.ItemSlot::LeftClick(Item[], int, int) added by MagicStorage
[05:54:28.228] [Main Thread/DEBUG] [tML]: Hook Terraria.UI.ItemSlot::RightClick(Item[], int, int) added by MagicStorage
[05:54:28.235] [Main Thread/DEBUG] [tML]: Hook Terraria.UI.ItemSlot::OverrideHover(Item[], int, int) added by MagicStorage
[05:54:28.264] [Main Thread/DEBUG] [tML]: Hook Terraria.UI.ItemSlot::OverrideLeftClick(Item[], int, int) added by MagicStorage
[05:54:28.297] [Main Thread/DEBUG] [tML]: ILHook Terraria.GameContent.Drawing.ParticleOrchestrator::Spawn_ItemTransfer(ParticleOrchestraSettings) added by MagicStorage
[05:54:28.353] [Main Thread/DEBUG] [tML]: ILHook Terraria.Player::ItemCheck_ApplyHoldStyle_Inner(float, Item, Rectangle) added by MagicStorage
[05:54:28.355] [Main Thread/DEBUG] [tML]: Hook Terraria.ModLoader.TileLoader::NearbyEffects(int, int, int, bool) added by MagicStorage
[05:54:28.368] [Main Thread/DEBUG] [tML]: ILHook Terraria.Main::DoUpdate_HandleChat() added by MagicStorage
[05:54:28.385] [Main Thread/DEBUG] [tML]: ILHook Terraria.Player::QuickStackAllChests() added by MagicStorage
[05:54:28.390] [Main Thread/DEBUG] [tML]: ILHook Terraria.Chest::ServerPlaceItem(int, int) added by MagicStorage
[05:54:28.397] [Main Thread/DEBUG] [tML]: ILHook Terraria.ModLoader.RecipeLoader::AddRecipes() added by MagicStorage
[05:54:28.402] [Main Thread/DEBUG] [tML]: ILHook Terraria.ModLoader.RecipeLoader::PostAddRecipes() added by MagicStorage
[05:54:28.408] [Main Thread/DEBUG] [tML]: ILHook Terraria.ModLoader.RecipeLoader::PostSetupRecipes() added by MagicStorage
[05:54:28.416] [Main Thread/DEBUG] [MagicStorage]: EnvironmentModule "MagicStorage/JourneyInfiniteItems" added by mod "MagicStorage"
[05:54:28.416] [Main Thread/DEBUG] [MagicStorage]: EnvironmentModule "MagicStorage/UseInventoryModule" added by mod "MagicStorage"
[05:54:28.416] [Main Thread/DEBUG] [MagicStorage]: EnvironmentModule "MagicStorage/UseInventoryNoFavoritesModule" added by mod "MagicStorage"
[05:54:28.589] [Main Thread/INFO] [tML]: Adding Content: OreExcavator (Ore Excavator (1.4.3/1.4.4 Veinminer)) v0.8.7
[05:54:28.902] [Main Thread/INFO] [OreExcavator]: Loading [Ore Excavator (1.4.3/1.4.4 Veinminer)] - v0.8.7... (RELEASE)
[05:54:28.915] [Main Thread/DEBUG] [tML]: Hook Terraria.WorldGen::SpawnFallingBlockProjectile(int, int, Tile, Tile, Tile, int) added by OreExcavator
[05:54:28.995] [Main Thread/INFO] [tML]: Adding Content: RecipeBrowser (Recipe Browser) v0.10.3
[05:54:29.534] [Main Thread/DEBUG] [tML]: Hook Terraria.Player::AdjTiles() added by RecipeBrowser
[05:54:29.615] [Main Thread/INFO] [tML]: Resizing...
[05:54:30.747] [Main Thread/INFO] [tML]: Configuring Content: ModLoader (tModLoader) v2023.10.3.0
[05:54:30.855] [Main Thread/INFO] [tML]: Configuring Content: CalamityMod (Calamity Mod) v2.0.3.7
[05:54:31.380] [Main Thread/INFO] [tML]: Configuring Content: CalamityModMusic (Calamity Mod Music) v2.0.3.7
[05:54:31.477] [Main Thread/INFO] [tML]: Configuring Content: AlchemistNPCLite (AlchemistNPC Lite) v1.9.4
[05:54:31.575] [Main Thread/INFO] [tML]: Configuring Content: HEROsMod (HERO's Mod) v0.4.14.1
[05:54:31.671] [Main Thread/INFO] [tML]: Configuring Content: SubworldLibrary (Subworld Library) v2.2.1.2
[05:54:31.769] [Main Thread/INFO] [tML]: Configuring Content: InfernumMode (Calamity Mod Infernum Mode) v1.9.35
[05:54:31.884] [Main Thread/INFO] [tML]: Configuring Content: SerousCommonLib (absoluteAquarian Utilities) v1.0.5
[05:54:31.981] [Main Thread/INFO] [tML]: Configuring Content: MagicStorage (Magic Storage) v0.6.0.3
[05:54:32.086] [Main Thread/INFO] [tML]: Configuring Content: OreExcavator (Ore Excavator (1.4.3/1.4.4 Veinminer)) v0.8.7
[05:54:32.184] [Main Thread/INFO] [tML]: Configuring Content: RecipeBrowser (Recipe Browser) v0.10.3
[05:54:32.653] [Main Thread/INFO] [tML]: Finalizing Content: ModLoader (tModLoader) v2023.10.3.0
[05:54:32.774] [Main Thread/INFO] [tML]: Finalizing Content: CalamityMod (Calamity Mod) v2.0.3.7
[05:54:32.888] [Main Thread/INFO] [tML]: Finalizing Content: CalamityModMusic (Calamity Mod Music) v2.0.3.7
[05:54:33.003] [Main Thread/INFO] [tML]: Finalizing Content: AlchemistNPCLite (AlchemistNPC Lite) v1.9.4
[05:54:33.116] [Main Thread/INFO] [tML]: Finalizing Content: HEROsMod (HERO's Mod) v0.4.14.1
[05:54:33.335] [Main Thread/INFO] [tML]: Finalizing Content: SubworldLibrary (Subworld Library) v2.2.1.2
[05:54:33.451] [Main Thread/INFO] [tML]: Finalizing Content: InfernumMode (Calamity Mod Infernum Mode) v1.9.35
[05:54:33.568] [Main Thread/INFO] [tML]: Finalizing Content: SerousCommonLib (absoluteAquarian Utilities) v1.0.5
[05:54:33.683] [Main Thread/INFO] [tML]: Finalizing Content: MagicStorage (Magic Storage) v0.6.0.3
[05:54:33.851] [Main Thread/INFO] [tML]: Finalizing Content: OreExcavator (Ore Excavator (1.4.3/1.4.4 Veinminer)) v0.8.7
[05:54:33.851] [Main Thread/INFO] [OreExcavator]: Auto-whitelist runner started. Looking for modded ores and gems to whitelist...
[05:54:33.851] [Main Thread/INFO] [OreExcavator]: Running through tML Ore Tile Set...
[05:54:33.852] [Main Thread/INFO] [OreExcavator]: Ore Set Search completed.
[05:54:33.852] [Main Thread/INFO] [OreExcavator]: Beginning manaual ore search...
[05:54:33.854] [Main Thread/INFO] [OreExcavator]: Found CalamityMod - But we're already up-to-date with them! v(2.0.3.7) 
[05:54:33.856] [Main Thread/INFO] [OreExcavator]: Auto-whitelist runner concluded. Finishing up...
[05:54:33.970] [Main Thread/INFO] [tML]: Finalizing Content: RecipeBrowser (Recipe Browser) v0.10.3
[05:54:34.105] [Main Thread/INFO] [tML]: RAM: tModLoader usage: 484.1 MB, All processes usage: 5.1 GB, Available: 2.9 GB, Total Installed: 8.0 GB
[05:54:34.565] [Main Thread/DEBUG] [tML]: GlobalItem registration stats. Count: 19, Slots per Entity: 4
	Instanced: 4, Conditional with slot: 0, Conditional by type: 1, Applies to single type: 1
	List Permutations: 3, Est Memory Consumption: 208 bytes
[05:54:34.740] [Main Thread/DEBUG] [tML]: GlobalNPC registration stats. Count: 11, Slots per Entity: 6
	Instanced: 6, Conditional with slot: 0, Conditional by type: 0, Applies to single type: 0
	List Permutations: 1, Est Memory Consumption: 16 bytes
[05:54:34.814] [Main Thread/DEBUG] [tML]: GlobalProjectile registration stats. Count: 8, Slots per Entity: 4
	Instanced: 4, Conditional with slot: 0, Conditional by type: 0, Applies to single type: 0
	List Permutations: 1, Est Memory Consumption: 16 bytes
[05:54:35.148] [Main Thread/INFO] [tML]: Adding Recipes...
[09:28:50.090] [.NET ThreadPool Worker/INFO] [Terraria]: Loading World: The Calamity!, IsCloud=False, Width: 8400, Height: 2400, Evil: 1, GameMode: 2
[09:31:54.914] [.NET ThreadPool Worker/INFO] [StatusText]: Loading world data
[09:33:42.671] [.NET ThreadPool Worker/INFO] [StatusText]: Settling liquids
[09:33:44.692] [Main Thread/INFO] [Terraria]: Running one update...
[09:33:44.692] [Main Thread/INFO] [tML]: Server starting with AllowVanillaClients set to False
[09:33:46.760] [Main Thread/DEBUG] [tML]: ILHook CalamityMod.CalPlayer.CalamityPlayer::UpdateRippers() added by InfernumMode
[09:33:46.970] [Main Thread/DEBUG] [tML]: Hook Terraria.Lang::GetNPCNameValue(int) added by InfernumMode
[09:33:47.207] [Main Thread/DEBUG] [tML]: ILHook Terraria.Projectile::AI_007_GrapplingHooks() added by InfernumMode
[09:33:47.397] [Main Thread/DEBUG] [tML]: ILHook Terraria.Player::ItemCheck() added by InfernumMode
[09:33:47.826] [Main Thread/DEBUG] [tML]: Hook Terraria.GameContent.Events.DD2Event::GetMonsterPointsWorth(int) added by InfernumMode
[09:33:47.878] [Main Thread/DEBUG] [tML]: Hook Terraria.GameContent.Events.Sandstorm::ShouldSandstormDustPersist() added by InfernumMode
[09:33:47.952] [Main Thread/DEBUG] [tML]: Hook Terraria.Main::DrawSurfaceBG() added by InfernumMode
[09:33:47.954] [Main Thread/DEBUG] [tML]: Hook Terraria.Main::CheckMonoliths() added by InfernumMode
[09:33:47.955] [Main Thread/DEBUG] [tML]: Hook Terraria.Main::DrawInfernoRings() added by InfernumMode
[09:33:48.302] [Main Thread/DEBUG] [tML]: ILHook Terraria.Player::Update(int) added by InfernumMode
[09:33:48.371] [Main Thread/DEBUG] [tML]: ILHook CalamityMod.ILEditing.ILChanges::SelectSulphuricWaterColor(int, int, ref VertexColors) added by InfernumMode
[09:33:48.373] [Main Thread/DEBUG] [tML]: Hook Terraria.Graphics.Light.TileLightScanner::GetTileLight(int, int, out Vector3) added by InfernumMode
[09:33:48.376] [Main Thread/DEBUG] [tML]: ILHook CalamityMod.Items.SummonItems.RuneofKos::CanUseItem(Player) added by InfernumMode
[09:33:48.380] [Main Thread/DEBUG] [tML]: ILHook CalamityMod.Items.SummonItems.RuneofKos::UseItem(Player) added by InfernumMode
[09:33:48.386] [Main Thread/DEBUG] [tML]: ILHook CalamityMod.World.DungeonArchive::PlaceArchive() added by InfernumMode
[09:33:48.389] [Main Thread/DEBUG] [tML]: ILHook CalamityMod.Items.SummonItems.ProfanedShard::UseItem(Player) added by InfernumMode
[09:33:48.428] [Main Thread/DEBUG] [tML]: ILHook CalamityMod.Items.SummonItems.ProfanedShard::CanUseItem(Player) added by InfernumMode
[09:33:48.792] [Main Thread/DEBUG] [tML]: ILHook CalamityMod.NPCs.CalamityGlobalNPC::PostDraw(NPC, SpriteBatch, Vector2, Color) added by InfernumMode
[09:33:48.895] [Main Thread/DEBUG] [tML]: Hook Terraria.GameContent.ItemDropRules.CommonCode::ModifyItemDropFromNPC(NPC, int) added by InfernumMode
[09:33:48.902] [Main Thread/DEBUG] [tML]: ILHook CalamityMod.Systems.WorldMiscUpdateSystem::PostUpdateWorld() added by InfernumMode
[09:33:49.101] [Main Thread/DEBUG] [tML]: Hook Terraria.UI.AchievementAdvisor::DrawOneAchievement(SpriteBatch, Vector2, bool) added by InfernumMode
[09:33:49.457] [Main Thread/DEBUG] [tML]: Hook Terraria.Audio.ActiveSound::Update() added by InfernumMode
[09:33:49.677] [Main Thread/DEBUG] [tML]: Hook Terraria.Gore::NewGore(IEntitySource, Vector2, Vector2, int, float) added by InfernumMode
[09:33:49.868] [Main Thread/DEBUG] [tML]: ILHook CalamityMod.World.DraedonStructures::PlaceHellLab(out Point, List`1, StructureMap) added by InfernumMode
[09:33:49.898] [Main Thread/DEBUG] [tML]: ILHook CalamityMod.World.SulphurousSea::GenerateCheeseWaterCaves() added by InfernumMode
[09:33:50.064] [Main Thread/DEBUG] [tML]: ILHook CalamityMod.World.SulphurousSea::GenerateSpaghettiWaterCaves() added by InfernumMode
[09:33:50.067] [Main Thread/DEBUG] [tML]: ILHook CalamityMod.NPCs.Yharon.Yharon::OnHitPlayer(Player, HurtInfo) added by InfernumMode
[09:33:50.332] [Main Thread/DEBUG] [tML]: ILHook CalamityMod.NPCs.SupremeCalamitas.SupremeCalamitas::OnHitPlayer(Player, HurtInfo) added by InfernumMode
[09:33:50.541] [Main Thread/DEBUG] [tML]: ILHook CalamityMod.Events.BossRushEvent::get_CurrentTier() added by InfernumMode
[09:33:50.755] [Main Thread/DEBUG] [tML]: ILHook CalamityMod.Skies.ExoMechsSky::OnTileColor(Color) added by InfernumMode
[09:33:50.828] [Main Thread/DEBUG] [tML]: ILHook CalamityMod.Skies.ExoMechsSky::get_CanSkyBeActive() added by InfernumMode
[09:33:50.831] [Main Thread/DEBUG] [tML]: ILHook CalamityMod.NPCs.Providence.Providence::SpawnLootBox() added by InfernumMode
[09:33:50.842] [Main Thread/DEBUG] [tML]: ILHook Terraria.GameContent.UI.States.UIWorldCreation::AddWorldDifficultyOptions(UIElement, float, MouseEvent, string, float) added by InfernumMode
[09:33:51.074] [Main Thread/DEBUG] [tML]: ILHook CalamityMod.CalPlayer.CalamityPlayer::ModDashMovement() added by InfernumMode
[09:33:51.087] [Main Thread/DEBUG] [tML]: Hook Terraria.NPC::Collision_DecideFallThroughPlatforms() added by InfernumMode
[09:33:51.093] [Main Thread/DEBUG] [tML]: ILHook Terraria.GameContent.Events.ScreenDarkness::Update() added by InfernumMode
[09:33:51.099] [Main Thread/DEBUG] [tML]: ILHook Terraria.Main::UpdateTime_StartNight(ref bool) added by InfernumMode
[09:33:51.744] [Main Thread/DEBUG] [tML]: ILHook Terraria.NPC::SpawnNPC() added by InfernumMode
[09:33:51.835] [Main Thread/DEBUG] [tML]: Hook Terraria.NPC::SpawnOnPlayer(int, int) added by InfernumMode
[09:33:52.221] [Main Thread/DEBUG] [tML]: Hook Terraria.GameContent.Drawing.TileDrawing::DrawTiles_EmitParticles(int, int, Tile, ushort, short, short, Color) added by InfernumMode
[09:33:52.463] [Main Thread/DEBUG] [tML]: Hook CalamityMod.World.Abyss::PlaceAbyss() added by InfernumMode
[09:33:52.680] [Main Thread/DEBUG] [tML]: ILHook CalamityMod.Items.SummonItems.DesertMedallion::UseItem(Player) added by InfernumMode
[09:33:52.772] [Main Thread/DEBUG] [tML]: ILHook CalamityMod.NPCs.ExoMechs.Ares.AresBody::CanHitPlayer(Player, ref int) added by InfernumMode
[09:33:52.776] [Main Thread/DEBUG] [tML]: Hook CalamityMod.BiomeManagers.AbyssLayer1Biome::MeetsBaseAbyssRequirement(Player, out int) added by InfernumMode
[09:33:52.780] [Main Thread/DEBUG] [tML]: Hook CalamityMod.BiomeManagers.AbyssLayer1Biome::IsBiomeActive(Player) added by InfernumMode
[09:33:52.783] [Main Thread/DEBUG] [tML]: Hook CalamityMod.BiomeManagers.AbyssLayer2Biome::IsBiomeActive(Player) added by InfernumMode
[09:33:52.786] [Main Thread/DEBUG] [tML]: Hook CalamityMod.BiomeManagers.AbyssLayer3Biome::IsBiomeActive(Player) added by InfernumMode
[09:33:52.789] [Main Thread/DEBUG] [tML]: Hook CalamityMod.BiomeManagers.AbyssLayer4Biome::IsBiomeActive(Player) added by InfernumMode
[09:33:52.914] [Main Thread/DEBUG] [tML]: ILHook Terraria.Main::DrawMap(GameTime) added by InfernumMode
[09:33:52.937] [Main Thread/DEBUG] [tML]: ILHook Terraria.WorldGen::DungeonHalls(int, int, ushort, int, bool) added by InfernumMode
[09:33:52.940] [Main Thread/DEBUG] [tML]: ILHook CalamityMod.Skies.BossRushSky::get_GeneralColor() added by InfernumMode
[09:33:52.947] [Main Thread/DEBUG] [tML]: ILHook CalamityMod.Skies.BossRushSky::Draw(SpriteBatch, float, float) added by InfernumMode
[09:33:52.950] [Main Thread/DEBUG] [tML]: Hook Terraria.Graphics.Effects.FilterManager::CanCapture() added by InfernumMode
[09:33:52.953] [Main Thread/DEBUG] [tML]: Hook CalamityMod.Systems.SCalBackgroundScene::SpecialVisuals(Player, bool) added by InfernumMode
[09:33:52.956] [Main Thread/DEBUG] [tML]: Hook CalamityMod.Systems.CalamitasCloneBackgroundScene::SpecialVisuals(Player, bool) added by InfernumMode
[09:33:52.958] [Main Thread/DEBUG] [tML]: Hook CalamityMod.Systems.YharonBackgroundScene::SpecialVisuals(Player, bool) added by InfernumMode
[09:33:53.020] [Main Thread/DEBUG] [tML]: ILHook CalamityMod.CalPlayer.CalamityPlayer::UpdateBadLifeRegen() added by InfernumMode
[09:33:53.063] [Main Thread/DEBUG] [tML]: Hook Terraria.WorldGen::RandomizeMoonState(UnifiedRandom, bool) added by InfernumMode
[09:33:53.066] [Main Thread/DEBUG] [tML]: Hook Terraria.Utilities.UnifiedRandom::Next(int) added by InfernumMode
[09:33:53.070] [Main Thread/DEBUG] [tML]: Hook Terraria.Main::DrawStarsInBackground(SceneArea, bool) added by InfernumMode
[09:33:53.077] [Main Thread/DEBUG] [tML]: Hook Terraria.Main::DrawWaters(bool) added by InfernumMode
[09:33:53.090] [Main Thread/DEBUG] [tML]: Hook Terraria.NPC::DoDeathEvents_DropBossPotionsAndHearts(ref string) added by InfernumMode
[09:33:53.100] [Main Thread/DEBUG] [tML]: ILHook CalamityMod.Projectiles.Magic.EternityHex::AI() added by InfernumMode
[09:33:53.102] [Main Thread/DEBUG] [tML]: ILHook Terraria.GameContent.Events.MoonlordDeathDrama::DrawWhite(SpriteBatch) added by InfernumMode
[09:33:53.107] [Main Thread/DEBUG] [tML]: Hook Terraria.ModLoader.NPCLoader::SetDefaults(NPC, bool) added by InfernumMode
[09:33:53.164] [Main Thread/DEBUG] [tML]: Hook Terraria.ModLoader.NPCLoader::FindFrame(NPC, int) added by InfernumMode
[09:33:53.200] [Main Thread/DEBUG] [tML]: Hook CalamityMod.NPCs.CalamityGlobalNPC::PreAI(NPC) added by InfernumMode
[09:33:53.204] [Main Thread/DEBUG] [tML]: Hook Terraria.Main::DoDraw_WallsAndBlacks() added by InfernumMode
[09:33:53.259] [Main Thread/DEBUG] [tML]: ILHook Terraria.Main::DoDraw(GameTime) added by InfernumMode
[09:33:53.292] [Main Thread/DEBUG] [tML]: ILHook Terraria.Main::DoDraw(GameTime) added by InfernumMode
[09:33:53.301] [Main Thread/DEBUG] [tML]: Hook Terraria.Main::DrawBlack(bool) added by InfernumMode
[09:33:53.307] [Main Thread/DEBUG] [tML]: ILHook Terraria.Main::DrawBlack(bool) added by InfernumMode
[09:33:53.310] [Main Thread/DEBUG] [tML]: Hook Terraria.Main::UpdateAtmosphereTransparencyToSkyColor() added by InfernumMode
[09:33:53.345] [Main Thread/DEBUG] [tML]: ILHook Terraria.Main::DoDraw(GameTime) added by InfernumMode
[09:33:53.358] [Main Thread/DEBUG] [tML]: Hook Terraria.Main::DrawSunAndMoon(SceneArea, Color, Color, float) added by InfernumMode
[09:33:53.359] [Main Thread/INFO] [Terraria]: Listening on port 7788
[09:34:03.363] [7/DEBUG] [tML]: SSDP search line separator: CRLF
[09:45:13.834] [Main Thread/INFO] [StatusText]: Saving world data
[09:45:15.593] [Main Thread/INFO] [StatusText]: Validating world save
